Wireshark SSL debug log 

Wireshark version: 2.5.0-104-gf4dd096 (v2.5.0rc0-104-gf4dd096)
GnuTLS version:    2.12.19
Libgcrypt version: 1.5.0

ssl_association_remove removing UDP 12345 - handle 0x1194af4e0
KeyID[20]:
| 1c 6e 8d 65 56 d6 a9 ca 7d be 88 cc 06 32 26 77 |.n.eV...}....2&w|
| f1 7b 2f f9                                     |.{/.            |
ssl_init private key file /Users/nepathak/Internship_Neetish/socketcomm/network/credentials/keys/RSA/RSA_ServerKeys/server_rsa_2048.pem successfully loaded.
ssl_init port '12345' filename '/Users/nepathak/Internship_Neetish/socketcomm/network/credentials/keys/RSA/RSA_ServerKeys/server_rsa_2048.pem' password(only for p12 file) ''
association_add ssl.port port 12345 handle 0x1194af4e0

dissect_ssl enter frame #125 (first time)
packet_from_server: is from server - FALSE
  conversation = 0x11e92d130, ssl_session = 0x11e92ddb0
  record: offset = 0, reported_length_remaining = 880
dissect_ssl3_record: content_type 22 Handshake
decrypt_ssl3_record: app_data len 875, ssl state 0x00
packet_from_server: is from server - FALSE
decrypt_ssl3_record: using client decoder
decrypt_ssl3_record: no decoder available
dissect_ssl3_handshake iteration 1 type 1 offset 5 length 871 bytes, remaining 880 
Calculating hash with offset 5 875
ssl_dissect_hnd_hello_common found CLIENT RANDOM -> state 0x01
ssl_dissect_hnd_hello_ext_early_data found early_data extension
dissect_ssl3_handshake forcing version 0x0301 -> state 0x91
ssl_load_keyfile dtls/ssl.keylog_file is not configured!
tls13_change_key transitioning to new key, old state 0x91
tls13_change_key Cannot find CLIENT_EARLY_TRAFFIC_SECRET, decryption impossible

dissect_ssl enter frame #127 (first time)
packet_from_server: is from server - FALSE
  conversation = 0x11e92d130, ssl_session = 0x11e92ddb0
  record: offset = 0, reported_length_remaining = 2773
dissect_ssl3_record: content_type 23 Application Data
decrypt_ssl3_record: app_data len 2768, ssl state 0x91
packet_from_server: is from server - FALSE
decrypt_ssl3_record: using client decoder
decrypt_ssl3_record: no decoder available

dissect_ssl enter frame #129 (first time)
packet_from_server: is from server - TRUE
  conversation = 0x11e92d130, ssl_session = 0x11e92ddb0
  record: offset = 0, reported_length_remaining = 856
dissect_ssl3_record: content_type 22 Handshake
dissect_ssl3_handshake iteration 1 type 2 offset 5 length 78 bytes, remaining 87 
ssl_try_set_version found version 0x0304 -> state 0x91
ssl_dissect_hnd_hello_common found SERVER RANDOM -> state 0x93
ssl_set_cipher found CIPHER 0x1301 TLS_AES_128_GCM_SHA256 -> state 0x97
ssl_load_keyfile dtls/ssl.keylog_file is not configured!
tls13_change_key transitioning to new key, old state 0x97
tls13_change_key Cannot find SERVER_HANDSHAKE_TRAFFIC_SECRET, decryption impossible
  record: offset = 87, reported_length_remaining = 769
dissect_ssl3_record: content_type 23 Application Data
decrypt_ssl3_record: app_data len 23, ssl state 0x97
packet_from_server: is from server - TRUE
decrypt_ssl3_record: using server decoder
decrypt_ssl3_record: no decoder available
  record: offset = 115, reported_length_remaining = 741
dissect_ssl3_record: content_type 23 Application Data
decrypt_ssl3_record: app_data len 58, ssl state 0x97
packet_from_server: is from server - TRUE
decrypt_ssl3_record: using server decoder
decrypt_ssl3_record: no decoder available
  record: offset = 178, reported_length_remaining = 678
dissect_ssl3_record: content_type 23 Application Data
decrypt_ssl3_record: app_data len 514, ssl state 0x97
packet_from_server: is from server - TRUE
decrypt_ssl3_record: using server decoder
decrypt_ssl3_record: no decoder available
  record: offset = 697, reported_length_remaining = 159
dissect_ssl3_record: content_type 23 Application Data
decrypt_ssl3_record: app_data len 96, ssl state 0x97
packet_from_server: is from server - TRUE
decrypt_ssl3_record: using server decoder
decrypt_ssl3_record: no decoder available
  record: offset = 798, reported_length_remaining = 58
dissect_ssl3_record: content_type 23 Application Data
decrypt_ssl3_record: app_data len 53, ssl state 0x97
packet_from_server: is from server - TRUE
decrypt_ssl3_record: using server decoder
decrypt_ssl3_record: no decoder available

dissect_ssl enter frame #131 (first time)
packet_from_server: is from server - FALSE
  conversation = 0x11e92d130, ssl_session = 0x11e92ddb0
  record: offset = 0, reported_length_remaining = 679
dissect_ssl3_record: content_type 23 Application Data
decrypt_ssl3_record: app_data len 514, ssl state 0x97
packet_from_server: is from server - FALSE
decrypt_ssl3_record: using client decoder
decrypt_ssl3_record: no decoder available
  record: offset = 519, reported_length_remaining = 160
dissect_ssl3_record: content_type 23 Application Data
decrypt_ssl3_record: app_data len 97, ssl state 0x97
packet_from_server: is from server - FALSE
decrypt_ssl3_record: using client decoder
decrypt_ssl3_record: no decoder available
  record: offset = 621, reported_length_remaining = 58
dissect_ssl3_record: content_type 23 Application Data
decrypt_ssl3_record: app_data len 53, ssl state 0x97
packet_from_server: is from server - FALSE
decrypt_ssl3_record: using client decoder
decrypt_ssl3_record: no decoder available

dissect_ssl enter frame #133 (first time)
packet_from_server: is from server - TRUE
  conversation = 0x11e92d130, ssl_session = 0x11e92ddb0
  record: offset = 0, reported_length_remaining = 686
dissect_ssl3_record: content_type 23 Application Data
decrypt_ssl3_record: app_data len 681, ssl state 0x97
packet_from_server: is from server - TRUE
decrypt_ssl3_record: using server decoder
decrypt_ssl3_record: no decoder available

dissect_ssl enter frame #135 (first time)
packet_from_server: is from server - FALSE
  conversation = 0x11e92d130, ssl_session = 0x11e92ddb0
  record: offset = 0, reported_length_remaining = 2773
dissect_ssl3_record: content_type 23 Application Data
decrypt_ssl3_record: app_data len 2768, ssl state 0x97
packet_from_server: is from server - FALSE
decrypt_ssl3_record: using client decoder
decrypt_ssl3_record: no decoder available

dissect_ssl enter frame #137 (first time)
packet_from_server: is from server - TRUE
  conversation = 0x11e92d130, ssl_session = 0x11e92ddb0
  record: offset = 0, reported_length_remaining = 9841
dissect_ssl3_record: content_type 23 Application Data
decrypt_ssl3_record: app_data len 9836, ssl state 0x97
packet_from_server: is from server - TRUE
decrypt_ssl3_record: using server decoder
decrypt_ssl3_record: no decoder available

dissect_ssl enter frame #139 (first time)
packet_from_server: is from server - FALSE
  conversation = 0x11e92d130, ssl_session = 0x11e92ddb0
  record: offset = 0, reported_length_remaining = 24
dissect_ssl3_record: content_type 23 Application Data
decrypt_ssl3_record: app_data len 19, ssl state 0x97
packet_from_server: is from server - FALSE
decrypt_ssl3_record: using client decoder
decrypt_ssl3_record: no decoder available

dissect_ssl enter frame #140 (first time)
packet_from_server: is from server - TRUE
  conversation = 0x11e92d130, ssl_session = 0x11e92ddb0
  record: offset = 0, reported_length_remaining = 24
dissect_ssl3_record: content_type 23 Application Data
decrypt_ssl3_record: app_data len 19, ssl state 0x97
packet_from_server: is from server - TRUE
decrypt_ssl3_record: using server decoder
decrypt_ssl3_record: no decoder available

dissect_ssl enter frame #147 (first time)
packet_from_server: is from server - FALSE
  conversation = 0x11e930830, ssl_session = 0x11e9314b0
  record: offset = 0, reported_length_remaining = 880
dissect_ssl3_record: content_type 22 Handshake
decrypt_ssl3_record: app_data len 875, ssl state 0x00
packet_from_server: is from server - FALSE
decrypt_ssl3_record: using client decoder
decrypt_ssl3_record: no decoder available
dissect_ssl3_handshake iteration 1 type 1 offset 5 length 871 bytes, remaining 880 
Calculating hash with offset 5 875
ssl_dissect_hnd_hello_common found CLIENT RANDOM -> state 0x01
ssl_dissect_hnd_hello_ext_early_data found early_data extension
dissect_ssl3_handshake forcing version 0x0301 -> state 0x91
ssl_load_keyfile dtls/ssl.keylog_file is not configured!
tls13_change_key transitioning to new key, old state 0x91
tls13_change_key Cannot find CLIENT_EARLY_TRAFFIC_SECRET, decryption impossible

dissect_ssl enter frame #148 (first time)
packet_from_server: is from server - FALSE
  conversation = 0x11e930830, ssl_session = 0x11e9314b0
  record: offset = 0, reported_length_remaining = 2773
dissect_ssl3_record: content_type 23 Application Data
decrypt_ssl3_record: app_data len 2768, ssl state 0x91
packet_from_server: is from server - FALSE
decrypt_ssl3_record: using client decoder
decrypt_ssl3_record: no decoder available

dissect_ssl enter frame #151 (first time)
packet_from_server: is from server - TRUE
  conversation = 0x11e930830, ssl_session = 0x11e9314b0
  record: offset = 0, reported_length_remaining = 143
dissect_ssl3_record: content_type 22 Handshake
dissect_ssl3_handshake iteration 1 type 2 offset 5 length 44 bytes, remaining 53 
ssl_try_set_version found version 0x0304 -> state 0x91
ssl_dissect_hnd_hello_common found SERVER RANDOM -> state 0x93
ssl_set_cipher found CIPHER 0x1301 TLS_AES_128_GCM_SHA256 -> state 0x97
ssl_load_keyfile dtls/ssl.keylog_file is not configured!
tls13_change_key transitioning to new key, old state 0x97
tls13_change_key Cannot find SERVER_HANDSHAKE_TRAFFIC_SECRET, decryption impossible
  record: offset = 53, reported_length_remaining = 90
dissect_ssl3_record: content_type 23 Application Data
decrypt_ssl3_record: app_data len 27, ssl state 0x97
packet_from_server: is from server - TRUE
decrypt_ssl3_record: using server decoder
decrypt_ssl3_record: no decoder available
  record: offset = 85, reported_length_remaining = 58
dissect_ssl3_record: content_type 23 Application Data
decrypt_ssl3_record: app_data len 53, ssl state 0x97
packet_from_server: is from server - TRUE
decrypt_ssl3_record: using server decoder
decrypt_ssl3_record: no decoder available

dissect_ssl enter frame #153 (first time)
packet_from_server: is from server - FALSE
  conversation = 0x11e930830, ssl_session = 0x11e9314b0
  record: offset = 0, reported_length_remaining = 84
dissect_ssl3_record: content_type 23 Application Data
decrypt_ssl3_record: app_data len 21, ssl state 0x97
packet_from_server: is from server - FALSE
decrypt_ssl3_record: using client decoder
decrypt_ssl3_record: no decoder available
  record: offset = 26, reported_length_remaining = 58
dissect_ssl3_record: content_type 23 Application Data
decrypt_ssl3_record: app_data len 53, ssl state 0x97
packet_from_server: is from server - FALSE
decrypt_ssl3_record: using client decoder
decrypt_ssl3_record: no decoder available

dissect_ssl enter frame #155 (first time)
packet_from_server: is from server - TRUE
  conversation = 0x11e930830, ssl_session = 0x11e9314b0
  record: offset = 0, reported_length_remaining = 686
dissect_ssl3_record: content_type 23 Application Data
decrypt_ssl3_record: app_data len 681, ssl state 0x97
packet_from_server: is from server - TRUE
decrypt_ssl3_record: using server decoder
decrypt_ssl3_record: no decoder available

dissect_ssl enter frame #157 (first time)
packet_from_server: is from server - TRUE
  conversation = 0x11e930830, ssl_session = 0x11e9314b0
  record: offset = 0, reported_length_remaining = 9841
dissect_ssl3_record: content_type 23 Application Data
decrypt_ssl3_record: app_data len 9836, ssl state 0x97
packet_from_server: is from server - TRUE
decrypt_ssl3_record: using server decoder
decrypt_ssl3_record: no decoder available

dissect_ssl enter frame #159 (first time)
packet_from_server: is from server - TRUE
  conversation = 0x11e930830, ssl_session = 0x11e9314b0
  record: offset = 0, reported_length_remaining = 24
dissect_ssl3_record: content_type 23 Application Data
decrypt_ssl3_record: app_data len 19, ssl state 0x97
packet_from_server: is from server - TRUE
decrypt_ssl3_record: using server decoder
decrypt_ssl3_record: no decoder available

dissect_ssl enter frame #161 (first time)
packet_from_server: is from server - FALSE
  conversation = 0x11e930830, ssl_session = 0x11e9314b0
  record: offset = 0, reported_length_remaining = 24
dissect_ssl3_record: content_type 23 Application Data
decrypt_ssl3_record: app_data len 19, ssl state 0x97
packet_from_server: is from server - FALSE
decrypt_ssl3_record: using client decoder
decrypt_ssl3_record: no decoder available

dissect_ssl enter frame #167 (first time)
packet_from_server: is from server - FALSE
  conversation = 0x11e933b10, ssl_session = 0x11e934790
  record: offset = 0, reported_length_remaining = 880
dissect_ssl3_record: content_type 22 Handshake
decrypt_ssl3_record: app_data len 875, ssl state 0x00
packet_from_server: is from server - FALSE
decrypt_ssl3_record: using client decoder
decrypt_ssl3_record: no decoder available
dissect_ssl3_handshake iteration 1 type 1 offset 5 length 871 bytes, remaining 880 
Calculating hash with offset 5 875
ssl_dissect_hnd_hello_common found CLIENT RANDOM -> state 0x01
ssl_dissect_hnd_hello_ext_early_data found early_data extension
dissect_ssl3_handshake forcing version 0x0301 -> state 0x91
ssl_load_keyfile dtls/ssl.keylog_file is not configured!
tls13_change_key transitioning to new key, old state 0x91
tls13_change_key Cannot find CLIENT_EARLY_TRAFFIC_SECRET, decryption impossible

dissect_ssl enter frame #168 (first time)
packet_from_server: is from server - FALSE
  conversation = 0x11e933b10, ssl_session = 0x11e934790
  record: offset = 0, reported_length_remaining = 2773
dissect_ssl3_record: content_type 23 Application Data
decrypt_ssl3_record: app_data len 2768, ssl state 0x91
packet_from_server: is from server - FALSE
decrypt_ssl3_record: using client decoder
decrypt_ssl3_record: no decoder available

dissect_ssl enter frame #171 (first time)
packet_from_server: is from server - TRUE
  conversation = 0x11e933b10, ssl_session = 0x11e934790
  record: offset = 0, reported_length_remaining = 143
dissect_ssl3_record: content_type 22 Handshake
dissect_ssl3_handshake iteration 1 type 2 offset 5 length 44 bytes, remaining 53 
ssl_try_set_version found version 0x0304 -> state 0x91
ssl_dissect_hnd_hello_common found SERVER RANDOM -> state 0x93
ssl_set_cipher found CIPHER 0x1301 TLS_AES_128_GCM_SHA256 -> state 0x97
ssl_load_keyfile dtls/ssl.keylog_file is not configured!
tls13_change_key transitioning to new key, old state 0x97
tls13_change_key Cannot find SERVER_HANDSHAKE_TRAFFIC_SECRET, decryption impossible
  record: offset = 53, reported_length_remaining = 90
dissect_ssl3_record: content_type 23 Application Data
decrypt_ssl3_record: app_data len 27, ssl state 0x97
packet_from_server: is from server - TRUE
decrypt_ssl3_record: using server decoder
decrypt_ssl3_record: no decoder available
  record: offset = 85, reported_length_remaining = 58
dissect_ssl3_record: content_type 23 Application Data
decrypt_ssl3_record: app_data len 53, ssl state 0x97
packet_from_server: is from server - TRUE
decrypt_ssl3_record: using server decoder
decrypt_ssl3_record: no decoder available

dissect_ssl enter frame #173 (first time)
packet_from_server: is from server - FALSE
  conversation = 0x11e933b10, ssl_session = 0x11e934790
  record: offset = 0, reported_length_remaining = 84
dissect_ssl3_record: content_type 23 Application Data
decrypt_ssl3_record: app_data len 21, ssl state 0x97
packet_from_server: is from server - FALSE
decrypt_ssl3_record: using client decoder
decrypt_ssl3_record: no decoder available
  record: offset = 26, reported_length_remaining = 58
dissect_ssl3_record: content_type 23 Application Data
decrypt_ssl3_record: app_data len 53, ssl state 0x97
packet_from_server: is from server - FALSE
decrypt_ssl3_record: using client decoder
decrypt_ssl3_record: no decoder available

dissect_ssl enter frame #175 (first time)
packet_from_server: is from server - TRUE
  conversation = 0x11e933b10, ssl_session = 0x11e934790
  record: offset = 0, reported_length_remaining = 686
dissect_ssl3_record: content_type 23 Application Data
decrypt_ssl3_record: app_data len 681, ssl state 0x97
packet_from_server: is from server - TRUE
decrypt_ssl3_record: using server decoder
decrypt_ssl3_record: no decoder available

dissect_ssl enter frame #177 (first time)
packet_from_server: is from server - TRUE
  conversation = 0x11e933b10, ssl_session = 0x11e934790
  record: offset = 0, reported_length_remaining = 9841
dissect_ssl3_record: content_type 23 Application Data
decrypt_ssl3_record: app_data len 9836, ssl state 0x97
packet_from_server: is from server - TRUE
decrypt_ssl3_record: using server decoder
decrypt_ssl3_record: no decoder available

dissect_ssl enter frame #179 (first time)
packet_from_server: is from server - TRUE
  conversation = 0x11e933b10, ssl_session = 0x11e934790
  record: offset = 0, reported_length_remaining = 24
dissect_ssl3_record: content_type 23 Application Data
decrypt_ssl3_record: app_data len 19, ssl state 0x97
packet_from_server: is from server - TRUE
decrypt_ssl3_record: using server decoder
decrypt_ssl3_record: no decoder available

dissect_ssl enter frame #181 (first time)
packet_from_server: is from server - FALSE
  conversation = 0x11e933b10, ssl_session = 0x11e934790
  record: offset = 0, reported_length_remaining = 24
dissect_ssl3_record: content_type 23 Application Data
decrypt_ssl3_record: app_data len 19, ssl state 0x97
packet_from_server: is from server - FALSE
decrypt_ssl3_record: using client decoder
decrypt_ssl3_record: no decoder available

dissect_ssl enter frame #187 (first time)
packet_from_server: is from server - FALSE
  conversation = 0x11e936df0, ssl_session = 0x11e937c80
  record: offset = 0, reported_length_remaining = 880
dissect_ssl3_record: content_type 22 Handshake
decrypt_ssl3_record: app_data len 875, ssl state 0x00
packet_from_server: is from server - FALSE
decrypt_ssl3_record: using client decoder
decrypt_ssl3_record: no decoder available
dissect_ssl3_handshake iteration 1 type 1 offset 5 length 871 bytes, remaining 880 
Calculating hash with offset 5 875
ssl_dissect_hnd_hello_common found CLIENT RANDOM -> state 0x01
ssl_dissect_hnd_hello_ext_early_data found early_data extension
dissect_ssl3_handshake forcing version 0x0301 -> state 0x91
ssl_load_keyfile dtls/ssl.keylog_file is not configured!
tls13_change_key transitioning to new key, old state 0x91
tls13_change_key Cannot find CLIENT_EARLY_TRAFFIC_SECRET, decryption impossible

dissect_ssl enter frame #188 (first time)
packet_from_server: is from server - FALSE
  conversation = 0x11e936df0, ssl_session = 0x11e937c80
  record: offset = 0, reported_length_remaining = 2773
dissect_ssl3_record: content_type 23 Application Data
decrypt_ssl3_record: app_data len 2768, ssl state 0x91
packet_from_server: is from server - FALSE
decrypt_ssl3_record: using client decoder
decrypt_ssl3_record: no decoder available

dissect_ssl enter frame #191 (first time)
packet_from_server: is from server - TRUE
  conversation = 0x11e936df0, ssl_session = 0x11e937c80
  record: offset = 0, reported_length_remaining = 143
dissect_ssl3_record: content_type 22 Handshake
dissect_ssl3_handshake iteration 1 type 2 offset 5 length 44 bytes, remaining 53 
ssl_try_set_version found version 0x0304 -> state 0x91
ssl_dissect_hnd_hello_common found SERVER RANDOM -> state 0x93
ssl_set_cipher found CIPHER 0x1301 TLS_AES_128_GCM_SHA256 -> state 0x97
ssl_load_keyfile dtls/ssl.keylog_file is not configured!
tls13_change_key transitioning to new key, old state 0x97
tls13_change_key Cannot find SERVER_HANDSHAKE_TRAFFIC_SECRET, decryption impossible
  record: offset = 53, reported_length_remaining = 90
dissect_ssl3_record: content_type 23 Application Data
decrypt_ssl3_record: app_data len 27, ssl state 0x97
packet_from_server: is from server - TRUE
decrypt_ssl3_record: using server decoder
decrypt_ssl3_record: no decoder available
  record: offset = 85, reported_length_remaining = 58
dissect_ssl3_record: content_type 23 Application Data
decrypt_ssl3_record: app_data len 53, ssl state 0x97
packet_from_server: is from server - TRUE
decrypt_ssl3_record: using server decoder
decrypt_ssl3_record: no decoder available

dissect_ssl enter frame #193 (first time)
packet_from_server: is from server - FALSE
  conversation = 0x11e936df0, ssl_session = 0x11e937c80
  record: offset = 0, reported_length_remaining = 84
dissect_ssl3_record: content_type 23 Application Data
decrypt_ssl3_record: app_data len 21, ssl state 0x97
packet_from_server: is from server - FALSE
decrypt_ssl3_record: using client decoder
decrypt_ssl3_record: no decoder available
  record: offset = 26, reported_length_remaining = 58
dissect_ssl3_record: content_type 23 Application Data
decrypt_ssl3_record: app_data len 53, ssl state 0x97
packet_from_server: is from server - FALSE
decrypt_ssl3_record: using client decoder
decrypt_ssl3_record: no decoder available

dissect_ssl enter frame #195 (first time)
packet_from_server: is from server - TRUE
  conversation = 0x11e936df0, ssl_session = 0x11e937c80
  record: offset = 0, reported_length_remaining = 686
dissect_ssl3_record: content_type 23 Application Data
decrypt_ssl3_record: app_data len 681, ssl state 0x97
packet_from_server: is from server - TRUE
decrypt_ssl3_record: using server decoder
decrypt_ssl3_record: no decoder available

dissect_ssl enter frame #197 (first time)
packet_from_server: is from server - TRUE
  conversation = 0x11e936df0, ssl_session = 0x11e937c80
  record: offset = 0, reported_length_remaining = 9841
dissect_ssl3_record: content_type 23 Application Data
decrypt_ssl3_record: app_data len 9836, ssl state 0x97
packet_from_server: is from server - TRUE
decrypt_ssl3_record: using server decoder
decrypt_ssl3_record: no decoder available

dissect_ssl enter frame #199 (first time)
packet_from_server: is from server - TRUE
  conversation = 0x11e936df0, ssl_session = 0x11e937c80
  record: offset = 0, reported_length_remaining = 24
dissect_ssl3_record: content_type 23 Application Data
decrypt_ssl3_record: app_data len 19, ssl state 0x97
packet_from_server: is from server - TRUE
decrypt_ssl3_record: using server decoder
decrypt_ssl3_record: no decoder available

dissect_ssl enter frame #201 (first time)
packet_from_server: is from server - FALSE
  conversation = 0x11e936df0, ssl_session = 0x11e937c80
  record: offset = 0, reported_length_remaining = 24
dissect_ssl3_record: content_type 23 Application Data
decrypt_ssl3_record: app_data len 19, ssl state 0x97
packet_from_server: is from server - FALSE
decrypt_ssl3_record: using client decoder
decrypt_ssl3_record: no decoder available

dissect_ssl enter frame #207 (first time)
packet_from_server: is from server - FALSE
  conversation = 0x11e93a2e0, ssl_session = 0x11e93af60
  record: offset = 0, reported_length_remaining = 880
dissect_ssl3_record: content_type 22 Handshake
decrypt_ssl3_record: app_data len 875, ssl state 0x00
packet_from_server: is from server - FALSE
decrypt_ssl3_record: using client decoder
decrypt_ssl3_record: no decoder available
dissect_ssl3_handshake iteration 1 type 1 offset 5 length 871 bytes, remaining 880 
Calculating hash with offset 5 875
ssl_dissect_hnd_hello_common found CLIENT RANDOM -> state 0x01
ssl_dissect_hnd_hello_ext_early_data found early_data extension
dissect_ssl3_handshake forcing version 0x0301 -> state 0x91
ssl_load_keyfile dtls/ssl.keylog_file is not configured!
tls13_change_key transitioning to new key, old state 0x91
tls13_change_key Cannot find CLIENT_EARLY_TRAFFIC_SECRET, decryption impossible

dissect_ssl enter frame #208 (first time)
packet_from_server: is from server - FALSE
  conversation = 0x11e93a2e0, ssl_session = 0x11e93af60
  record: offset = 0, reported_length_remaining = 2773
dissect_ssl3_record: content_type 23 Application Data
decrypt_ssl3_record: app_data len 2768, ssl state 0x91
packet_from_server: is from server - FALSE
decrypt_ssl3_record: using client decoder
decrypt_ssl3_record: no decoder available

dissect_ssl enter frame #211 (first time)
packet_from_server: is from server - TRUE
  conversation = 0x11e93a2e0, ssl_session = 0x11e93af60
  record: offset = 0, reported_length_remaining = 143
dissect_ssl3_record: content_type 22 Handshake
dissect_ssl3_handshake iteration 1 type 2 offset 5 length 44 bytes, remaining 53 
ssl_try_set_version found version 0x0304 -> state 0x91
ssl_dissect_hnd_hello_common found SERVER RANDOM -> state 0x93
ssl_set_cipher found CIPHER 0x1301 TLS_AES_128_GCM_SHA256 -> state 0x97
ssl_load_keyfile dtls/ssl.keylog_file is not configured!
tls13_change_key transitioning to new key, old state 0x97
tls13_change_key Cannot find SERVER_HANDSHAKE_TRAFFIC_SECRET, decryption impossible
  record: offset = 53, reported_length_remaining = 90
dissect_ssl3_record: content_type 23 Application Data
decrypt_ssl3_record: app_data len 27, ssl state 0x97
packet_from_server: is from server - TRUE
decrypt_ssl3_record: using server decoder
decrypt_ssl3_record: no decoder available
  record: offset = 85, reported_length_remaining = 58
dissect_ssl3_record: content_type 23 Application Data
decrypt_ssl3_record: app_data len 53, ssl state 0x97
packet_from_server: is from server - TRUE
decrypt_ssl3_record: using server decoder
decrypt_ssl3_record: no decoder available

dissect_ssl enter frame #213 (first time)
packet_from_server: is from server - FALSE
  conversation = 0x11e93a2e0, ssl_session = 0x11e93af60
  record: offset = 0, reported_length_remaining = 84
dissect_ssl3_record: content_type 23 Application Data
decrypt_ssl3_record: app_data len 21, ssl state 0x97
packet_from_server: is from server - FALSE
decrypt_ssl3_record: using client decoder
decrypt_ssl3_record: no decoder available
  record: offset = 26, reported_length_remaining = 58
dissect_ssl3_record: content_type 23 Application Data
decrypt_ssl3_record: app_data len 53, ssl state 0x97
packet_from_server: is from server - FALSE
decrypt_ssl3_record: using client decoder
decrypt_ssl3_record: no decoder available

dissect_ssl enter frame #215 (first time)
packet_from_server: is from server - TRUE
  conversation = 0x11e93a2e0, ssl_session = 0x11e93af60
  record: offset = 0, reported_length_remaining = 686
dissect_ssl3_record: content_type 23 Application Data
decrypt_ssl3_record: app_data len 681, ssl state 0x97
packet_from_server: is from server - TRUE
decrypt_ssl3_record: using server decoder
decrypt_ssl3_record: no decoder available

dissect_ssl enter frame #217 (first time)
packet_from_server: is from server - TRUE
  conversation = 0x11e93a2e0, ssl_session = 0x11e93af60
  record: offset = 0, reported_length_remaining = 9841
dissect_ssl3_record: content_type 23 Application Data
decrypt_ssl3_record: app_data len 9836, ssl state 0x97
packet_from_server: is from server - TRUE
decrypt_ssl3_record: using server decoder
decrypt_ssl3_record: no decoder available

dissect_ssl enter frame #219 (first time)
packet_from_server: is from server - FALSE
  conversation = 0x11e93a2e0, ssl_session = 0x11e93af60
  record: offset = 0, reported_length_remaining = 24
dissect_ssl3_record: content_type 23 Application Data
decrypt_ssl3_record: app_data len 19, ssl state 0x97
packet_from_server: is from server - FALSE
decrypt_ssl3_record: using client decoder
decrypt_ssl3_record: no decoder available

dissect_ssl enter frame #220 (first time)
packet_from_server: is from server - TRUE
  conversation = 0x11e93a2e0, ssl_session = 0x11e93af60
  record: offset = 0, reported_length_remaining = 24
dissect_ssl3_record: content_type 23 Application Data
decrypt_ssl3_record: app_data len 19, ssl state 0x97
packet_from_server: is from server - TRUE
decrypt_ssl3_record: using server decoder
decrypt_ssl3_record: no decoder available

dissect_ssl enter frame #125 (already visited)
packet_from_server: is from server - FALSE
  conversation = 0x11e92d130, ssl_session = 0x0
  record: offset = 0, reported_length_remaining = 880
dissect_ssl3_record: content_type 22 Handshake
dissect_ssl3_handshake iteration 1 type 1 offset 5 length 871 bytes, remaining 880 

dissect_ssl enter frame #127 (already visited)
packet_from_server: is from server - FALSE
  conversation = 0x11e92d130, ssl_session = 0x0
  record: offset = 0, reported_length_remaining = 2773
dissect_ssl3_record: content_type 23 Application Data

dissect_ssl enter frame #129 (already visited)
packet_from_server: is from server - TRUE
  conversation = 0x11e92d130, ssl_session = 0x0
  record: offset = 0, reported_length_remaining = 856
dissect_ssl3_record: content_type 22 Handshake
dissect_ssl3_handshake iteration 1 type 2 offset 5 length 78 bytes, remaining 87 
  record: offset = 87, reported_length_remaining = 769
dissect_ssl3_record: content_type 23 Application Data
  record: offset = 115, reported_length_remaining = 741
dissect_ssl3_record: content_type 23 Application Data
  record: offset = 178, reported_length_remaining = 678
dissect_ssl3_record: content_type 23 Application Data
  record: offset = 697, reported_length_remaining = 159
dissect_ssl3_record: content_type 23 Application Data
  record: offset = 798, reported_length_remaining = 58
dissect_ssl3_record: content_type 23 Application Data

dissect_ssl enter frame #131 (already visited)
packet_from_server: is from server - FALSE
  conversation = 0x11e92d130, ssl_session = 0x0
  record: offset = 0, reported_length_remaining = 679
dissect_ssl3_record: content_type 23 Application Data
  record: offset = 519, reported_length_remaining = 160
dissect_ssl3_record: content_type 23 Application Data
  record: offset = 621, reported_length_remaining = 58
dissect_ssl3_record: content_type 23 Application Data

dissect_ssl enter frame #133 (already visited)
packet_from_server: is from server - TRUE
  conversation = 0x11e92d130, ssl_session = 0x0
  record: offset = 0, reported_length_remaining = 686
dissect_ssl3_record: content_type 23 Application Data

dissect_ssl enter frame #135 (already visited)
packet_from_server: is from server - FALSE
  conversation = 0x11e92d130, ssl_session = 0x0
  record: offset = 0, reported_length_remaining = 2773
dissect_ssl3_record: content_type 23 Application Data

dissect_ssl enter frame #137 (already visited)
packet_from_server: is from server - TRUE
  conversation = 0x11e92d130, ssl_session = 0x0
  record: offset = 0, reported_length_remaining = 9841
dissect_ssl3_record: content_type 23 Application Data

dissect_ssl enter frame #139 (already visited)
packet_from_server: is from server - FALSE
  conversation = 0x11e92d130, ssl_session = 0x0
  record: offset = 0, reported_length_remaining = 24
dissect_ssl3_record: content_type 23 Application Data

dissect_ssl enter frame #140 (already visited)
packet_from_server: is from server - TRUE
  conversation = 0x11e92d130, ssl_session = 0x0
  record: offset = 0, reported_length_remaining = 24
dissect_ssl3_record: content_type 23 Application Data

dissect_ssl enter frame #147 (already visited)
packet_from_server: is from server - FALSE
  conversation = 0x11e930830, ssl_session = 0x0
  record: offset = 0, reported_length_remaining = 880
dissect_ssl3_record: content_type 22 Handshake
dissect_ssl3_handshake iteration 1 type 1 offset 5 length 871 bytes, remaining 880 

dissect_ssl enter frame #148 (already visited)
packet_from_server: is from server - FALSE
  conversation = 0x11e930830, ssl_session = 0x0
  record: offset = 0, reported_length_remaining = 2773
dissect_ssl3_record: content_type 23 Application Data

dissect_ssl enter frame #151 (already visited)
packet_from_server: is from server - TRUE
  conversation = 0x11e930830, ssl_session = 0x0
  record: offset = 0, reported_length_remaining = 143
dissect_ssl3_record: content_type 22 Handshake
dissect_ssl3_handshake iteration 1 type 2 offset 5 length 44 bytes, remaining 53 
  record: offset = 53, reported_length_remaining = 90
dissect_ssl3_record: content_type 23 Application Data
  record: offset = 85, reported_length_remaining = 58
dissect_ssl3_record: content_type 23 Application Data

dissect_ssl enter frame #153 (already visited)
packet_from_server: is from server - FALSE
  conversation = 0x11e930830, ssl_session = 0x0
  record: offset = 0, reported_length_remaining = 84
dissect_ssl3_record: content_type 23 Application Data
  record: offset = 26, reported_length_remaining = 58
dissect_ssl3_record: content_type 23 Application Data

dissect_ssl enter frame #155 (already visited)
packet_from_server: is from server - TRUE
  conversation = 0x11e930830, ssl_session = 0x0
  record: offset = 0, reported_length_remaining = 686
dissect_ssl3_record: content_type 23 Application Data

dissect_ssl enter frame #157 (already visited)
packet_from_server: is from server - TRUE
  conversation = 0x11e930830, ssl_session = 0x0
  record: offset = 0, reported_length_remaining = 9841
dissect_ssl3_record: content_type 23 Application Data

dissect_ssl enter frame #159 (already visited)
packet_from_server: is from server - TRUE
  conversation = 0x11e930830, ssl_session = 0x0
  record: offset = 0, reported_length_remaining = 24
dissect_ssl3_record: content_type 23 Application Data

dissect_ssl enter frame #161 (already visited)
packet_from_server: is from server - FALSE
  conversation = 0x11e930830, ssl_session = 0x0
  record: offset = 0, reported_length_remaining = 24
dissect_ssl3_record: content_type 23 Application Data

dissect_ssl enter frame #167 (already visited)
packet_from_server: is from server - FALSE
  conversation = 0x11e933b10, ssl_session = 0x0
  record: offset = 0, reported_length_remaining = 880
dissect_ssl3_record: content_type 22 Handshake
dissect_ssl3_handshake iteration 1 type 1 offset 5 length 871 bytes, remaining 880 

dissect_ssl enter frame #168 (already visited)
packet_from_server: is from server - FALSE
  conversation = 0x11e933b10, ssl_session = 0x0
  record: offset = 0, reported_length_remaining = 2773
dissect_ssl3_record: content_type 23 Application Data

dissect_ssl enter frame #171 (already visited)
packet_from_server: is from server - TRUE
  conversation = 0x11e933b10, ssl_session = 0x0
  record: offset = 0, reported_length_remaining = 143
dissect_ssl3_record: content_type 22 Handshake
dissect_ssl3_handshake iteration 1 type 2 offset 5 length 44 bytes, remaining 53 
  record: offset = 53, reported_length_remaining = 90
dissect_ssl3_record: content_type 23 Application Data
  record: offset = 85, reported_length_remaining = 58
dissect_ssl3_record: content_type 23 Application Data

dissect_ssl enter frame #173 (already visited)
packet_from_server: is from server - FALSE
  conversation = 0x11e933b10, ssl_session = 0x0
  record: offset = 0, reported_length_remaining = 84
dissect_ssl3_record: content_type 23 Application Data
  record: offset = 26, reported_length_remaining = 58
dissect_ssl3_record: content_type 23 Application Data

dissect_ssl enter frame #175 (already visited)
packet_from_server: is from server - TRUE
  conversation = 0x11e933b10, ssl_session = 0x0
  record: offset = 0, reported_length_remaining = 686
dissect_ssl3_record: content_type 23 Application Data

dissect_ssl enter frame #177 (already visited)
packet_from_server: is from server - TRUE
  conversation = 0x11e933b10, ssl_session = 0x0
  record: offset = 0, reported_length_remaining = 9841
dissect_ssl3_record: content_type 23 Application Data

dissect_ssl enter frame #179 (already visited)
packet_from_server: is from server - TRUE
  conversation = 0x11e933b10, ssl_session = 0x0
  record: offset = 0, reported_length_remaining = 24
dissect_ssl3_record: content_type 23 Application Data

dissect_ssl enter frame #181 (already visited)
packet_from_server: is from server - FALSE
  conversation = 0x11e933b10, ssl_session = 0x0
  record: offset = 0, reported_length_remaining = 24
dissect_ssl3_record: content_type 23 Application Data

dissect_ssl enter frame #187 (already visited)
packet_from_server: is from server - FALSE
  conversation = 0x11e936df0, ssl_session = 0x0
  record: offset = 0, reported_length_remaining = 880
dissect_ssl3_record: content_type 22 Handshake
dissect_ssl3_handshake iteration 1 type 1 offset 5 length 871 bytes, remaining 880 

dissect_ssl enter frame #188 (already visited)
packet_from_server: is from server - FALSE
  conversation = 0x11e936df0, ssl_session = 0x0
  record: offset = 0, reported_length_remaining = 2773
dissect_ssl3_record: content_type 23 Application Data

dissect_ssl enter frame #191 (already visited)
packet_from_server: is from server - TRUE
  conversation = 0x11e936df0, ssl_session = 0x0
  record: offset = 0, reported_length_remaining = 143
dissect_ssl3_record: content_type 22 Handshake
dissect_ssl3_handshake iteration 1 type 2 offset 5 length 44 bytes, remaining 53 
  record: offset = 53, reported_length_remaining = 90
dissect_ssl3_record: content_type 23 Application Data
  record: offset = 85, reported_length_remaining = 58
dissect_ssl3_record: content_type 23 Application Data

dissect_ssl enter frame #193 (already visited)
packet_from_server: is from server - FALSE
  conversation = 0x11e936df0, ssl_session = 0x0
  record: offset = 0, reported_length_remaining = 84
dissect_ssl3_record: content_type 23 Application Data
  record: offset = 26, reported_length_remaining = 58
dissect_ssl3_record: content_type 23 Application Data

dissect_ssl enter frame #195 (already visited)
packet_from_server: is from server - TRUE
  conversation = 0x11e936df0, ssl_session = 0x0
  record: offset = 0, reported_length_remaining = 686
dissect_ssl3_record: content_type 23 Application Data

dissect_ssl enter frame #197 (already visited)
packet_from_server: is from server - TRUE
  conversation = 0x11e936df0, ssl_session = 0x0
  record: offset = 0, reported_length_remaining = 9841
dissect_ssl3_record: content_type 23 Application Data

dissect_ssl enter frame #199 (already visited)
packet_from_server: is from server - TRUE
  conversation = 0x11e936df0, ssl_session = 0x0
  record: offset = 0, reported_length_remaining = 24
dissect_ssl3_record: content_type 23 Application Data

dissect_ssl enter frame #201 (already visited)
packet_from_server: is from server - FALSE
  conversation = 0x11e936df0, ssl_session = 0x0
  record: offset = 0, reported_length_remaining = 24
dissect_ssl3_record: content_type 23 Application Data

dissect_ssl enter frame #207 (already visited)
packet_from_server: is from server - FALSE
  conversation = 0x11e93a2e0, ssl_session = 0x0
  record: offset = 0, reported_length_remaining = 880
dissect_ssl3_record: content_type 22 Handshake
dissect_ssl3_handshake iteration 1 type 1 offset 5 length 871 bytes, remaining 880 

dissect_ssl enter frame #208 (already visited)
packet_from_server: is from server - FALSE
  conversation = 0x11e93a2e0, ssl_session = 0x0
  record: offset = 0, reported_length_remaining = 2773
dissect_ssl3_record: content_type 23 Application Data

dissect_ssl enter frame #211 (already visited)
packet_from_server: is from server - TRUE
  conversation = 0x11e93a2e0, ssl_session = 0x0
  record: offset = 0, reported_length_remaining = 143
dissect_ssl3_record: content_type 22 Handshake
dissect_ssl3_handshake iteration 1 type 2 offset 5 length 44 bytes, remaining 53 
  record: offset = 53, reported_length_remaining = 90
dissect_ssl3_record: content_type 23 Application Data
  record: offset = 85, reported_length_remaining = 58
dissect_ssl3_record: content_type 23 Application Data

dissect_ssl enter frame #213 (already visited)
packet_from_server: is from server - FALSE
  conversation = 0x11e93a2e0, ssl_session = 0x0
  record: offset = 0, reported_length_remaining = 84
dissect_ssl3_record: content_type 23 Application Data
  record: offset = 26, reported_length_remaining = 58
dissect_ssl3_record: content_type 23 Application Data

dissect_ssl enter frame #215 (already visited)
packet_from_server: is from server - TRUE
  conversation = 0x11e93a2e0, ssl_session = 0x0
  record: offset = 0, reported_length_remaining = 686
dissect_ssl3_record: content_type 23 Application Data

dissect_ssl enter frame #217 (already visited)
packet_from_server: is from server - TRUE
  conversation = 0x11e93a2e0, ssl_session = 0x0
  record: offset = 0, reported_length_remaining = 9841
dissect_ssl3_record: content_type 23 Application Data

dissect_ssl enter frame #219 (already visited)
packet_from_server: is from server - FALSE
  conversation = 0x11e93a2e0, ssl_session = 0x0
  record: offset = 0, reported_length_remaining = 24
dissect_ssl3_record: content_type 23 Application Data

dissect_ssl enter frame #220 (already visited)
packet_from_server: is from server - TRUE
  conversation = 0x11e93a2e0, ssl_session = 0x0
  record: offset = 0, reported_length_remaining = 24
dissect_ssl3_record: content_type 23 Application Data

dissect_ssl enter frame #125 (already visited)
packet_from_server: is from server - FALSE
  conversation = 0x11e92d130, ssl_session = 0x0
  record: offset = 0, reported_length_remaining = 880
dissect_ssl3_record: content_type 22 Handshake
dissect_ssl3_handshake iteration 1 type 1 offset 5 length 871 bytes, remaining 880 

dissect_ssl enter frame #127 (already visited)
packet_from_server: is from server - FALSE
  conversation = 0x11e92d130, ssl_session = 0x0
  record: offset = 0, reported_length_remaining = 2773
dissect_ssl3_record: content_type 23 Application Data

dissect_ssl enter frame #129 (already visited)
packet_from_server: is from server - TRUE
  conversation = 0x11e92d130, ssl_session = 0x0
  record: offset = 0, reported_length_remaining = 856
dissect_ssl3_record: content_type 22 Handshake
dissect_ssl3_handshake iteration 1 type 2 offset 5 length 78 bytes, remaining 87 
  record: offset = 87, reported_length_remaining = 769
dissect_ssl3_record: content_type 23 Application Data
  record: offset = 115, reported_length_remaining = 741
dissect_ssl3_record: content_type 23 Application Data
  record: offset = 178, reported_length_remaining = 678
dissect_ssl3_record: content_type 23 Application Data
  record: offset = 697, reported_length_remaining = 159
dissect_ssl3_record: content_type 23 Application Data
  record: offset = 798, reported_length_remaining = 58
dissect_ssl3_record: content_type 23 Application Data

dissect_ssl enter frame #131 (already visited)
packet_from_server: is from server - FALSE
  conversation = 0x11e92d130, ssl_session = 0x0
  record: offset = 0, reported_length_remaining = 679
dissect_ssl3_record: content_type 23 Application Data
  record: offset = 519, reported_length_remaining = 160
dissect_ssl3_record: content_type 23 Application Data
  record: offset = 621, reported_length_remaining = 58
dissect_ssl3_record: content_type 23 Application Data

dissect_ssl enter frame #133 (already visited)
packet_from_server: is from server - TRUE
  conversation = 0x11e92d130, ssl_session = 0x0
  record: offset = 0, reported_length_remaining = 686
dissect_ssl3_record: content_type 23 Application Data

dissect_ssl enter frame #135 (already visited)
packet_from_server: is from server - FALSE
  conversation = 0x11e92d130, ssl_session = 0x0
  record: offset = 0, reported_length_remaining = 2773
dissect_ssl3_record: content_type 23 Application Data

dissect_ssl enter frame #137 (already visited)
packet_from_server: is from server - TRUE
  conversation = 0x11e92d130, ssl_session = 0x0
  record: offset = 0, reported_length_remaining = 9841
dissect_ssl3_record: content_type 23 Application Data

dissect_ssl enter frame #139 (already visited)
packet_from_server: is from server - FALSE
  conversation = 0x11e92d130, ssl_session = 0x0
  record: offset = 0, reported_length_remaining = 24
dissect_ssl3_record: content_type 23 Application Data

dissect_ssl enter frame #140 (already visited)
packet_from_server: is from server - TRUE
  conversation = 0x11e92d130, ssl_session = 0x0
  record: offset = 0, reported_length_remaining = 24
dissect_ssl3_record: content_type 23 Application Data

dissect_ssl enter frame #147 (already visited)
packet_from_server: is from server - FALSE
  conversation = 0x11e930830, ssl_session = 0x0
  record: offset = 0, reported_length_remaining = 880
dissect_ssl3_record: content_type 22 Handshake
dissect_ssl3_handshake iteration 1 type 1 offset 5 length 871 bytes, remaining 880 

dissect_ssl enter frame #148 (already visited)
packet_from_server: is from server - FALSE
  conversation = 0x11e930830, ssl_session = 0x0
  record: offset = 0, reported_length_remaining = 2773
dissect_ssl3_record: content_type 23 Application Data

dissect_ssl enter frame #151 (already visited)
packet_from_server: is from server - TRUE
  conversation = 0x11e930830, ssl_session = 0x0
  record: offset = 0, reported_length_remaining = 143
dissect_ssl3_record: content_type 22 Handshake
dissect_ssl3_handshake iteration 1 type 2 offset 5 length 44 bytes, remaining 53 
  record: offset = 53, reported_length_remaining = 90
dissect_ssl3_record: content_type 23 Application Data
  record: offset = 85, reported_length_remaining = 58
dissect_ssl3_record: content_type 23 Application Data

dissect_ssl enter frame #153 (already visited)
packet_from_server: is from server - FALSE
  conversation = 0x11e930830, ssl_session = 0x0
  record: offset = 0, reported_length_remaining = 84
dissect_ssl3_record: content_type 23 Application Data
  record: offset = 26, reported_length_remaining = 58
dissect_ssl3_record: content_type 23 Application Data

dissect_ssl enter frame #155 (already visited)
packet_from_server: is from server - TRUE
  conversation = 0x11e930830, ssl_session = 0x0
  record: offset = 0, reported_length_remaining = 686
dissect_ssl3_record: content_type 23 Application Data

dissect_ssl enter frame #157 (already visited)
packet_from_server: is from server - TRUE
  conversation = 0x11e930830, ssl_session = 0x0
  record: offset = 0, reported_length_remaining = 9841
dissect_ssl3_record: content_type 23 Application Data

dissect_ssl enter frame #159 (already visited)
packet_from_server: is from server - TRUE
  conversation = 0x11e930830, ssl_session = 0x0
  record: offset = 0, reported_length_remaining = 24
dissect_ssl3_record: content_type 23 Application Data

dissect_ssl enter frame #161 (already visited)
packet_from_server: is from server - FALSE
  conversation = 0x11e930830, ssl_session = 0x0
  record: offset = 0, reported_length_remaining = 24
dissect_ssl3_record: content_type 23 Application Data

dissect_ssl enter frame #167 (already visited)
packet_from_server: is from server - FALSE
  conversation = 0x11e933b10, ssl_session = 0x0
  record: offset = 0, reported_length_remaining = 880
dissect_ssl3_record: content_type 22 Handshake
dissect_ssl3_handshake iteration 1 type 1 offset 5 length 871 bytes, remaining 880 

dissect_ssl enter frame #168 (already visited)
packet_from_server: is from server - FALSE
  conversation = 0x11e933b10, ssl_session = 0x0
  record: offset = 0, reported_length_remaining = 2773
dissect_ssl3_record: content_type 23 Application Data

dissect_ssl enter frame #171 (already visited)
packet_from_server: is from server - TRUE
  conversation = 0x11e933b10, ssl_session = 0x0
  record: offset = 0, reported_length_remaining = 143
dissect_ssl3_record: content_type 22 Handshake
dissect_ssl3_handshake iteration 1 type 2 offset 5 length 44 bytes, remaining 53 
  record: offset = 53, reported_length_remaining = 90
dissect_ssl3_record: content_type 23 Application Data
  record: offset = 85, reported_length_remaining = 58
dissect_ssl3_record: content_type 23 Application Data

dissect_ssl enter frame #173 (already visited)
packet_from_server: is from server - FALSE
  conversation = 0x11e933b10, ssl_session = 0x0
  record: offset = 0, reported_length_remaining = 84
dissect_ssl3_record: content_type 23 Application Data
  record: offset = 26, reported_length_remaining = 58
dissect_ssl3_record: content_type 23 Application Data

dissect_ssl enter frame #175 (already visited)
packet_from_server: is from server - TRUE
  conversation = 0x11e933b10, ssl_session = 0x0
  record: offset = 0, reported_length_remaining = 686
dissect_ssl3_record: content_type 23 Application Data

dissect_ssl enter frame #177 (already visited)
packet_from_server: is from server - TRUE
  conversation = 0x11e933b10, ssl_session = 0x0
  record: offset = 0, reported_length_remaining = 9841
dissect_ssl3_record: content_type 23 Application Data

dissect_ssl enter frame #179 (already visited)
packet_from_server: is from server - TRUE
  conversation = 0x11e933b10, ssl_session = 0x0
  record: offset = 0, reported_length_remaining = 24
dissect_ssl3_record: content_type 23 Application Data

dissect_ssl enter frame #181 (already visited)
packet_from_server: is from server - FALSE
  conversation = 0x11e933b10, ssl_session = 0x0
  record: offset = 0, reported_length_remaining = 24
dissect_ssl3_record: content_type 23 Application Data

dissect_ssl enter frame #187 (already visited)
packet_from_server: is from server - FALSE
  conversation = 0x11e936df0, ssl_session = 0x0
  record: offset = 0, reported_length_remaining = 880
dissect_ssl3_record: content_type 22 Handshake
dissect_ssl3_handshake iteration 1 type 1 offset 5 length 871 bytes, remaining 880 

dissect_ssl enter frame #188 (already visited)
packet_from_server: is from server - FALSE
  conversation = 0x11e936df0, ssl_session = 0x0
  record: offset = 0, reported_length_remaining = 2773
dissect_ssl3_record: content_type 23 Application Data

dissect_ssl enter frame #191 (already visited)
packet_from_server: is from server - TRUE
  conversation = 0x11e936df0, ssl_session = 0x0
  record: offset = 0, reported_length_remaining = 143
dissect_ssl3_record: content_type 22 Handshake
dissect_ssl3_handshake iteration 1 type 2 offset 5 length 44 bytes, remaining 53 
  record: offset = 53, reported_length_remaining = 90
dissect_ssl3_record: content_type 23 Application Data
  record: offset = 85, reported_length_remaining = 58
dissect_ssl3_record: content_type 23 Application Data

dissect_ssl enter frame #193 (already visited)
packet_from_server: is from server - FALSE
  conversation = 0x11e936df0, ssl_session = 0x0
  record: offset = 0, reported_length_remaining = 84
dissect_ssl3_record: content_type 23 Application Data
  record: offset = 26, reported_length_remaining = 58
dissect_ssl3_record: content_type 23 Application Data

dissect_ssl enter frame #195 (already visited)
packet_from_server: is from server - TRUE
  conversation = 0x11e936df0, ssl_session = 0x0
  record: offset = 0, reported_length_remaining = 686
dissect_ssl3_record: content_type 23 Application Data

dissect_ssl enter frame #197 (already visited)
packet_from_server: is from server - TRUE
  conversation = 0x11e936df0, ssl_session = 0x0
  record: offset = 0, reported_length_remaining = 9841
dissect_ssl3_record: content_type 23 Application Data

dissect_ssl enter frame #199 (already visited)
packet_from_server: is from server - TRUE
  conversation = 0x11e936df0, ssl_session = 0x0
  record: offset = 0, reported_length_remaining = 24
dissect_ssl3_record: content_type 23 Application Data

dissect_ssl enter frame #201 (already visited)
packet_from_server: is from server - FALSE
  conversation = 0x11e936df0, ssl_session = 0x0
  record: offset = 0, reported_length_remaining = 24
dissect_ssl3_record: content_type 23 Application Data

dissect_ssl enter frame #207 (already visited)
packet_from_server: is from server - FALSE
  conversation = 0x11e93a2e0, ssl_session = 0x0
  record: offset = 0, reported_length_remaining = 880
dissect_ssl3_record: content_type 22 Handshake
dissect_ssl3_handshake iteration 1 type 1 offset 5 length 871 bytes, remaining 880 

dissect_ssl enter frame #208 (already visited)
packet_from_server: is from server - FALSE
  conversation = 0x11e93a2e0, ssl_session = 0x0
  record: offset = 0, reported_length_remaining = 2773
dissect_ssl3_record: content_type 23 Application Data

dissect_ssl enter frame #211 (already visited)
packet_from_server: is from server - TRUE
  conversation = 0x11e93a2e0, ssl_session = 0x0
  record: offset = 0, reported_length_remaining = 143
dissect_ssl3_record: content_type 22 Handshake
dissect_ssl3_handshake iteration 1 type 2 offset 5 length 44 bytes, remaining 53 
  record: offset = 53, reported_length_remaining = 90
dissect_ssl3_record: content_type 23 Application Data
  record: offset = 85, reported_length_remaining = 58
dissect_ssl3_record: content_type 23 Application Data

dissect_ssl enter frame #213 (already visited)
packet_from_server: is from server - FALSE
  conversation = 0x11e93a2e0, ssl_session = 0x0
  record: offset = 0, reported_length_remaining = 84
dissect_ssl3_record: content_type 23 Application Data
  record: offset = 26, reported_length_remaining = 58
dissect_ssl3_record: content_type 23 Application Data

dissect_ssl enter frame #215 (already visited)
packet_from_server: is from server - TRUE
  conversation = 0x11e93a2e0, ssl_session = 0x0
  record: offset = 0, reported_length_remaining = 686
dissect_ssl3_record: content_type 23 Application Data

dissect_ssl enter frame #217 (already visited)
packet_from_server: is from server - TRUE
  conversation = 0x11e93a2e0, ssl_session = 0x0
  record: offset = 0, reported_length_remaining = 9841
dissect_ssl3_record: content_type 23 Application Data

dissect_ssl enter frame #219 (already visited)
packet_from_server: is from server - FALSE
  conversation = 0x11e93a2e0, ssl_session = 0x0
  record: offset = 0, reported_length_remaining = 24
dissect_ssl3_record: content_type 23 Application Data

dissect_ssl enter frame #220 (already visited)
packet_from_server: is from server - TRUE
  conversation = 0x11e93a2e0, ssl_session = 0x0
  record: offset = 0, reported_length_remaining = 24
dissect_ssl3_record: content_type 23 Application Data
